<?xml version="1.0" encoding="UTF-8"?>
<testng-results ignored="0" total="3" passed="3" failed="0" skipped="0">
  <reporter-output>
  </reporter-output>
  <suite started-at="2019-09-25T12:55:51 IST" name="Default suite" finished-at="2019-09-25T12:55:51 IST" duration-ms="66">
    <groups>
    </groups>
    <test started-at="2019-09-25T12:55:51 IST" name="Default test" finished-at="2019-09-25T12:55:51 IST" duration-ms="66">
      <class name="testNGTutorial.testNGScript">
        <test-method signature="loginApp()[pri:1, instance:testNGTutorial.testNGScript@6e171cd7]" started-at="2019-09-25T12:55:51 IST" name="loginApp" description="This testcase will login" finished-at="2019-09-25T12:55:51 IST" duration-ms="12" status="PASS">
          <reporter-output>
          </reporter-output>
        </test-method> <!-- loginApp -->
        <test-method signature="ItemSelection()[pri:2, instance:testNGTutorial.testNGScript@6e171cd7]" started-at="2019-09-25T12:55:51 IST" name="ItemSelection" description="This testcase will login" finished-at="2019-09-25T12:55:51 IST" duration-ms="4" status="PASS">
          <reporter-output>
          </reporter-output>
        </test-method> <!-- ItemSelection -->
        <test-method signature="CheckOut()[pri:3, instance:testNGTutorial.testNGScript@6e171cd7]" started-at="2019-09-25T12:55:51 IST" name="CheckOut" description="This testcase will checkout" finished-at="2019-09-25T12:55:51 IST" duration-ms="2" status="PASS">
          <reporter-output>
          </reporter-output>
        </test-method> <!-- CheckOut -->
      </class> <!-- testNGTutorial.testNGScript -->
    </test> <!-- Default test -->
  </suite> <!-- Default suite -->
</testng-results>
